<?xml version="1.0" encoding="utf-8"?><testsuites name="pytest tests"><testsuite name="pytest" errors="0" failures="0" skipped="0" tests="7" time="1.295" timestamp="2026-07-03T02:01:16.561635+00:00" hostname="agent-env-3af12f79-e6fc-487b-b3f7-d589b1107dbc"><testcase classname="backend.tests.test_demo_api.TestHealth" name="test_health" time="0.298" /><testcase classname="backend.tests.test_demo_api.TestDemoCount" name="test_count_endpoint" time="0.148" /><testcase classname="backend.tests.test_demo_api.TestDemoCreate" name="test_create_valid_persists_and_increments_count" time="0.220" /><testcase classname="backend.tests.test_demo_api.TestDemoCreate" name="test_create_minimal_valid" time="0.096" /><testcase classname="backend.tests.test_demo_api.TestDemoCreate" name="test_invalid_email_returns_422" time="0.125" /><testcase classname="backend.tests.test_demo_api.TestDemoCreate" name="test_missing_required_field_returns_422" time="0.097" /><testcase classname="backend.tests.test_demo_api.TestDemoCreate" name="test_empty_name_returns_422" time="0.099" /></testsuite></testsuites>